Traced on 2024-02-15 05:43:45
FileAccessForInclusion - 
C:\wamp64\www\vtigercrm\include\utils\CommonUtils.php::checkFileAccessForInclusion::392<br>
C:\wamp64\www\vtigercrm\includes\Loader.php::checkFileAccessForInclusion::65<br>
C:\wamp64\www\vtigercrm\includes\Loader.php::includeOnce::191<br>
C:\wamp64\www\vtigercrm\includes\main\WebUI.php::vimport::15<br>
C:\wamp64\www\vtigercrm\index.php::include_once::17<br>
Traced on 2024-02-15 06:06:46
FileAccessForInclusion - 
/home2/bitechnosys/whatsapp.crm-doctor.com/include/utils/CommonUtils.php::checkFileAccessForInclusion::392<br>
/home2/bitechnosys/whatsapp.crm-doctor.com/includes/Loader.php::checkFileAccessForInclusion::65<br>
/home2/bitechnosys/whatsapp.crm-doctor.com/includes/Loader.php::includeOnce::191<br>
/home2/bitechnosys/whatsapp.crm-doctor.com/includes/main/WebUI.php::vimport::15<br>
/home2/bitechnosys/whatsapp.crm-doctor.com/index.php::include_once::17<br>
Traced on 2024-02-15 06:06:51
FileAccessForInclusion - 
/home2/bitechnosys/whatsapp.crm-doctor.com/include/utils/CommonUtils.php::checkFileAccessForInclusion::392<br>
/home2/bitechnosys/whatsapp.crm-doctor.com/includes/Loader.php::checkFileAccessForInclusion::65<br>
/home2/bitechnosys/whatsapp.crm-doctor.com/includes/Loader.php::includeOnce::191<br>
/home2/bitechnosys/whatsapp.crm-doctor.com/includes/main/WebUI.php::vimport::15<br>
/home2/bitechnosys/whatsapp.crm-doctor.com/index.php::include_once::17<br>
Traced on 2024-02-15 06:06:52
FileAccessForInclusion - 
/home2/bitechnosys/whatsapp.crm-doctor.com/include/utils/CommonUtils.php::checkFileAccessForInclusion::392<br>
/home2/bitechnosys/whatsapp.crm-doctor.com/includes/Loader.php::checkFileAccessForInclusion::65<br>
/home2/bitechnosys/whatsapp.crm-doctor.com/includes/Loader.php::includeOnce::191<br>
/home2/bitechnosys/whatsapp.crm-doctor.com/includes/main/WebUI.php::vimport::15<br>
/home2/bitechnosys/whatsapp.crm-doctor.com/index.php::include_once::17<br>
Traced on 2024-02-15 06:07:09
FileAccessForInclusion - 
/home2/bitechnosys/whatsapp.crm-doctor.com/include/utils/CommonUtils.php::checkFileAccessForInclusion::392<br>
/home2/bitechnosys/whatsapp.crm-doctor.com/includes/Loader.php::checkFileAccessForInclusion::65<br>
/home2/bitechnosys/whatsapp.crm-doctor.com/includes/Loader.php::includeOnce::191<br>
/home2/bitechnosys/whatsapp.crm-doctor.com/includes/main/WebUI.php::vimport::15<br>
/home2/bitechnosys/whatsapp.crm-doctor.com/index.php::include_once::17<br>
Traced on 2024-02-15 06:07:18
FileAccessForInclusion - 
/home2/bitechnosys/whatsapp.crm-doctor.com/include/utils/CommonUtils.php::checkFileAccessForInclusion::392<br>
/home2/bitechnosys/whatsapp.crm-doctor.com/includes/Loader.php::checkFileAccessForInclusion::65<br>
/home2/bitechnosys/whatsapp.crm-doctor.com/includes/Loader.php::includeOnce::191<br>
/home2/bitechnosys/whatsapp.crm-doctor.com/includes/main/WebUI.php::vimport::15<br>
/home2/bitechnosys/whatsapp.crm-doctor.com/index.php::include_once::17<br>
Traced on 2024-02-15 06:07:27
FileAccessForInclusion - 
/home2/bitechnosys/whatsapp.crm-doctor.com/include/utils/CommonUtils.php::checkFileAccessForInclusion::392<br>
/home2/bitechnosys/whatsapp.crm-doctor.com/includes/Loader.php::checkFileAccessForInclusion::65<br>
/home2/bitechnosys/whatsapp.crm-doctor.com/includes/Loader.php::includeOnce::191<br>
/home2/bitechnosys/whatsapp.crm-doctor.com/includes/main/WebUI.php::vimport::15<br>
/home2/bitechnosys/whatsapp.crm-doctor.com/index.php::include_once::17<br>
Traced on 2024-02-15 06:07:30
FileAccessForInclusion - 
/home2/bitechnosys/whatsapp.crm-doctor.com/include/utils/CommonUtils.php::checkFileAccessForInclusion::392<br>
/home2/bitechnosys/whatsapp.crm-doctor.com/includes/Loader.php::checkFileAccessForInclusion::65<br>
/home2/bitechnosys/whatsapp.crm-doctor.com/includes/Loader.php::includeOnce::191<br>
/home2/bitechnosys/whatsapp.crm-doctor.com/includes/main/WebUI.php::vimport::15<br>
/home2/bitechnosys/whatsapp.crm-doctor.com/index.php::include_once::17<br>
Traced on 2024-02-15 06:08:03
FileAccessForInclusion - 
/home2/bitechnosys/whatsapp.crm-doctor.com/include/utils/CommonUtils.php::checkFileAccessForInclusion::392<br>
/home2/bitechnosys/whatsapp.crm-doctor.com/includes/Loader.php::checkFileAccessForInclusion::65<br>
/home2/bitechnosys/whatsapp.crm-doctor.com/includes/Loader.php::includeOnce::191<br>
/home2/bitechnosys/whatsapp.crm-doctor.com/includes/main/WebUI.php::vimport::15<br>
/home2/bitechnosys/whatsapp.crm-doctor.com/index.php::include_once::17<br>
Traced on 2024-02-15 06:08:05
FileAccessForInclusion - 
/home2/bitechnosys/whatsapp.crm-doctor.com/include/utils/CommonUtils.php::checkFileAccessForInclusion::392<br>
/home2/bitechnosys/whatsapp.crm-doctor.com/includes/Loader.php::checkFileAccessForInclusion::65<br>
/home2/bitechnosys/whatsapp.crm-doctor.com/includes/Loader.php::includeOnce::191<br>
/home2/bitechnosys/whatsapp.crm-doctor.com/includes/main/WebUI.php::vimport::15<br>
/home2/bitechnosys/whatsapp.crm-doctor.com/index.php::include_once::17<br>
Traced on 2024-02-15 06:08:11
FileAccessForInclusion - 
/home2/bitechnosys/whatsapp.crm-doctor.com/include/utils/CommonUtils.php::checkFileAccessForInclusion::392<br>
/home2/bitechnosys/whatsapp.crm-doctor.com/includes/Loader.php::checkFileAccessForInclusion::65<br>
/home2/bitechnosys/whatsapp.crm-doctor.com/includes/Loader.php::includeOnce::191<br>
/home2/bitechnosys/whatsapp.crm-doctor.com/includes/main/WebUI.php::vimport::15<br>
/home2/bitechnosys/whatsapp.crm-doctor.com/index.php::include_once::17<br>
Traced on 2024-02-15 06:08:20
FileAccessForInclusion - 
/home2/bitechnosys/whatsapp.crm-doctor.com/include/utils/CommonUtils.php::checkFileAccessForInclusion::392<br>
/home2/bitechnosys/whatsapp.crm-doctor.com/includes/Loader.php::checkFileAccessForInclusion::65<br>
/home2/bitechnosys/whatsapp.crm-doctor.com/includes/Loader.php::includeOnce::191<br>
/home2/bitechnosys/whatsapp.crm-doctor.com/includes/main/WebUI.php::vimport::15<br>
/home2/bitechnosys/whatsapp.crm-doctor.com/index.php::include_once::17<br>
Traced on 2024-02-15 06:08:20
FileAccessForInclusion - 
/home2/bitechnosys/whatsapp.crm-doctor.com/include/utils/CommonUtils.php::checkFileAccessForInclusion::392<br>
/home2/bitechnosys/whatsapp.crm-doctor.com/includes/Loader.php::checkFileAccessForInclusion::65<br>
/home2/bitechnosys/whatsapp.crm-doctor.com/includes/Loader.php::includeOnce::191<br>
/home2/bitechnosys/whatsapp.crm-doctor.com/includes/main/WebUI.php::vimport::15<br>
/home2/bitechnosys/whatsapp.crm-doctor.com/index.php::include_once::17<br>
Traced on 2024-02-15 06:08:25
FileAccessForInclusion - 
/home2/bitechnosys/whatsapp.crm-doctor.com/include/utils/CommonUtils.php::checkFileAccessForInclusion::392<br>
/home2/bitechnosys/whatsapp.crm-doctor.com/includes/Loader.php::checkFileAccessForInclusion::65<br>
/home2/bitechnosys/whatsapp.crm-doctor.com/includes/Loader.php::includeOnce::191<br>
/home2/bitechnosys/whatsapp.crm-doctor.com/includes/main/WebUI.php::vimport::15<br>
/home2/bitechnosys/whatsapp.crm-doctor.com/index.php::include_once::17<br>
Traced on 2024-02-15 06:08:27
FileAccessForInclusion - 
/home2/bitechnosys/whatsapp.crm-doctor.com/include/utils/CommonUtils.php::checkFileAccessForInclusion::392<br>
/home2/bitechnosys/whatsapp.crm-doctor.com/includes/Loader.php::checkFileAccessForInclusion::65<br>
/home2/bitechnosys/whatsapp.crm-doctor.com/includes/Loader.php::includeOnce::191<br>
/home2/bitechnosys/whatsapp.crm-doctor.com/includes/main/WebUI.php::vimport::15<br>
/home2/bitechnosys/whatsapp.crm-doctor.com/index.php::include_once::17<br>
Traced on 2024-02-15 06:08:31
FileAccessForInclusion - 
/home2/bitechnosys/whatsapp.crm-doctor.com/include/utils/CommonUtils.php::checkFileAccessForInclusion::392<br>
/home2/bitechnosys/whatsapp.crm-doctor.com/includes/Loader.php::checkFileAccessForInclusion::65<br>
/home2/bitechnosys/whatsapp.crm-doctor.com/includes/Loader.php::includeOnce::191<br>
/home2/bitechnosys/whatsapp.crm-doctor.com/includes/main/WebUI.php::vimport::15<br>
/home2/bitechnosys/whatsapp.crm-doctor.com/index.php::include_once::17<br>
Traced on 2024-02-15 06:08:47
FileAccessForInclusion - 
/home2/bitechnosys/whatsapp.crm-doctor.com/include/utils/CommonUtils.php::checkFileAccessForInclusion::392<br>
/home2/bitechnosys/whatsapp.crm-doctor.com/includes/Loader.php::checkFileAccessForInclusion::65<br>
/home2/bitechnosys/whatsapp.crm-doctor.com/includes/Loader.php::includeOnce::191<br>
/home2/bitechnosys/whatsapp.crm-doctor.com/includes/main/WebUI.php::vimport::15<br>
/home2/bitechnosys/whatsapp.crm-doctor.com/index.php::include_once::17<br>
